------------------------------------------------------------------------------------------------------------
                Dataset:  *\Papers\IFRI_Carbon_Livelihoods\drafts\submission_Feb2009\ifri_car_liv.dta
             Last saved:  3 Feb 2009 14:09
    Number of variables:  10
 Number of observations:  80
 
------------------------------------------------------------------------------------------------------------
forest_id                                                                                          Forest_ID
------------------------------------------------------------------------------------------------------------

                  type:  numeric (int)

                 range:  [4,346]                      units:  1
         unique values:  80                       missing .:  0/80

                  mean:   235.175
              std. dev:   93.8815

           percentiles:        10%       25%       50%       75%       90%
                              63.5     212.5     252.5     305.5     330.5

------------------------------------------------------------------------------------------------------------
cid                                                                                                  Country
------------------------------------------------------------------------------------------------------------

                  type:  string (str3)

         unique values:  10                       missing "":  0/80

              examples:  "IND"
                         "MAD"
                         "NEP"
                         "GUA"

------------------------------------------------------------------------------------------------------------
zliv                                                           Livelihood Contributions Index (Standardized)
------------------------------------------------------------------------------------------------------------

                  type:  numeric (float)

                 range:  [-1.2990125,2.227699]        units:  1.000e-10
         unique values:  79                       missing .:  0/80

                  mean:   .134943
              std. dev:   .914195

           percentiles:        10%       25%       50%       75%       90%
                          -1.09753  -.587675   .026575   .802706   1.33757

------------------------------------------------------------------------------------------------------------
zbio                                                                             Carbon Storage (Basal Area)
------------------------------------------------------------------------------------------------------------

                  type:  numeric (float)

                 range:  [-1.4350001,2.9213505]       units:  1.000e-10
         unique values:  80                       missing .:  0/80

                  mean:  -.014222
              std. dev:   1.03681

           percentiles:        10%       25%       50%       75%       90%
                          -1.15147  -.840619  -.233201   .558468   1.50939

------------------------------------------------------------------------------------------------------------
livcar1                                                                              Forest Commons Outcomes
------------------------------------------------------------------------------------------------------------

                  type:  numeric (float)
                 label:  livcar1

                 range:  [1,4]                        units:  1
         unique values:  4                        missing .:  0/80

            tabulation:  Freq.   Numeric  Label
                            17         1  Deferred Use
                            17         2  Sustainable
                            22         3  Overused
                            24         4  Unsustainable

------------------------------------------------------------------------------------------------------------
ownstate                                                                            Forest Commons Ownership
------------------------------------------------------------------------------------------------------------

                  type:  numeric (float)
                 label:  ownstate

                 range:  [0,1]                        units:  1
         unique values:  2                        missing .:  0/80

            tabulation:  Freq.   Numeric  Label
                            14         0  Community
                            66         1  Government

------------------------------------------------------------------------------------------------------------
distance                                                                 Distance of Users to Forest Commons
------------------------------------------------------------------------------------------------------------

                  type:  numeric (float)
                 label:  distance

                 range:  [1,3]                        units:  1
         unique values:  3                        missing .:  0/80

            tabulation:  Freq.   Numeric  Label
                            33         1  < 5KM
                            42         2  5 - 10KM
                             5         3  >10KM

------------------------------------------------------------------------------------------------------------
sadmin                                                   Distance of Forest to Nearest Administrative Center
------------------------------------------------------------------------------------------------------------

                  type:  numeric (float)

                 range:  [0,300]                      units:  1
         unique values:  30                       missing .:  0/80

                  mean:      21.6
              std. dev:    53.049

           percentiles:        10%       25%       50%       75%       90%
                                 0         1       3.5      16.5      47.5

------------------------------------------------------------------------------------------------------------
rulematch                                                                                    Local Autonomy 
------------------------------------------------------------------------------------------------------------

                  type:  numeric (float)
                 label:  rulemat

                 range:  [0,1]                        units:  1
         unique values:  2                        missing .:  0/80

            tabulation:  Freq.   Numeric  Label
                            41         0  Low Autonomy
                            39         1  High Autonomy

------------------------------------------------------------------------------------------------------------
lnfsize                                                                                   Log of Forest Size
------------------------------------------------------------------------------------------------------------

                  type:  numeric (float)

                 range:  [3.0349529,10.03012]         units:  1.000e-07
         unique values:  77                       missing .:  0/80

                  mean:   6.10549
              std. dev:   1.66443

           percentiles:        10%       25%       50%       75%       90%
                           4.16271   4.91825    5.7071   7.48987   8.49327


------------------------------------------------------------------------------------------------------------